<?xml version="1.0" encoding="UTF-8"?>
<!-- Generated by org.testng.reporters.JUnitReportReporter -->
<testsuite hostname="DESKTOP-QRS5SOS" failures="0" tests="1" name="cucumber.TestNGTestRunner" time="9.416" errors="0" timestamp="2023-01-28T17:41:39 IST" skipped="0">
  <testcase classname="cucumber.TestNGTestRunner" name="runScenario" time="9.416"/>
  <system-out/>
</testsuite> <!-- cucumber.TestNGTestRunner -->
