<?xml version="1.0" encoding="UTF-8"?>
<!-- Generated by org.testng.reporters.JUnitReportReporter -->
<testsuite hostname="DESKTOP-QRS5SOS" failures="0" tests="2" name="frameWorkPackages.Test.SubmitOrderTest" time="13.424" errors="0" timestamp="2023-01-23T17:31:42 IST" skipped="0">
  <testcase classname="frameWorkPackages.Test.SubmitOrderTest" name="submitOrder" time="8.426"/>
  <system-out/>
  <testcase classname="frameWorkPackages.Test.SubmitOrderTest" name="submitOrder" time="4.998"/>
  <system-out/>
</testsuite> <!-- frameWorkPackages.Test.SubmitOrderTest -->
