<?xml version="1.0" encoding="UTF-8"?>
<!-- Generated by org.testng.reporters.JUnitReportReporter -->
<testsuite hostname="DESKTOP-QRS5SOS" failures="0" tests="2" name="frameWorkPackages.Test.SubmitOrderTest" time="16.830" errors="0" timestamp="2023-01-23T17:56:11 IST" skipped="0">
  <testcase classname="frameWorkPackages.Test.SubmitOrderTest" name="submitOrder" time="10.165"/>
  <system-out/>
  <testcase classname="frameWorkPackages.Test.SubmitOrderTest" name="submitOrder" time="6.665"/>
  <system-out/>
</testsuite> <!-- frameWorkPackages.Test.SubmitOrderTest -->
